<?xml version="1.0" encoding="UTF-8"?>
<testsuite hostname="PWLAP2781" failures="0" tests="17" name="Test_cases.TS_001" time="97.053" errors="0" timestamp="15 May 2024 11:05:55 GMT">
  <testcase classname="Test_cases.TS_001" name="Navigation_to_product_page" time="38.554"/>
  <testcase classname="Test_cases.TS_005" name="TC_021_verify_KYP_section" time="2.926"/>
  <testcase classname="Test_cases.TS_004" name="TC_015Mail_id_isEnabled_or_not" time="0.094"/>
  <testcase classname="Test_cases.TS_004" name="TC_016IA_isEnabled_or_not" time="0.285"/>
  <testcase classname="Test_cases.TS_004" name="TC_017Pay_for_isEnabled_or_not" time="0.078"/>
  <testcase classname="Test_cases.TS_004" name="TC_018WA_isEnabled_or_not" time="0.08"/>
  <testcase classname="Test_cases.TS_004" name="TC_019Name_isEnabled_or_not" time="0.08"/>
  <testcase classname="Test_cases.TS_004" name="TC_020RS_isEnabled_or_not" time="0.071"/>
  <testcase classname="Test_cases.TS_007" name="verify_Mode_of_premium" time="0.599"/>
  <testcase classname="Test_cases.TS_007" name="verify_Pay_For" time="2.097"/>
  <testcase classname="Test_cases.TS_007" name="verify_Widraw_After" time="1.225"/>
  <testcase classname="Test_cases.TS_002" name="TC_005Talk_to_anExpert" time="0.409"/>
  <testcase classname="Test_cases.TS_002" name="TC_006_PBlogo" time="0.148"/>
  <testcase classname="Test_cases.TS_002" name="TC_003Brochure" time="21.235"/>
  <testcase classname="Test_cases.TS_002" name="TC_004BI" time="22.412"/>
  <testcase classname="Test_cases.TS_002" name="TC_002Certificate" time="6.512"/>
  <testcase classname="Test_cases.TS_004" name="TC_014Mo_no_isEnabled_or_not" time="0.177"/>
</testsuite>
